{"/home/blessingakanimohjames/polling app/src/models/pollModel.js": {"path":"/home/blessingakanimohjames/polling app/src/models/pollModel.js","statementMap":{"0":{"start":{"line":4,"column":12},"end":{"line":6,"column":1}},"1":{"start":{"line":8,"column":14},"end":{"line":8,"column":54}},"2":{"start":{"line":8,"column":23},"end":{"line":8,"column":54}},"3":{"start":{"line":12,"column":4},"end":{"line":12,"column":17}},"4":{"start":{"line":13,"column":4},"end":{"line":13,"column":29}},"5":{"start":{"line":14,"column":4},"end":{"line":14,"column":27}},"6":{"start":{"line":18,"column":4},"end":{"line":18,"column":40}},"7":{"start":{"line":18,"column":27},"end":{"line":18,"column":38}},"8":{"start":{"line":24,"column":4},"end":{"line":42,"column":5}},"9":{"start":{"line":25,"column":6},"end":{"line":25,"column":28}},"10":{"start":{"line":26,"column":6},"end":{"line":31,"column":7}},"11":{"start":{"line":28,"column":21},"end":{"line":28,"column":39}},"12":{"start":{"line":29,"column":8},"end":{"line":29,"column":53}},"13":{"start":{"line":29,"column":44},"end":{"line":29,"column":53}},"14":{"start":{"line":30,"column":8},"end":{"line":30,"column":35}},"15":{"start":{"line":32,"column":11},"end":{"line":42,"column":5}},"16":{"start":{"line":33,"column":6},"end":{"line":33,"column":28}},"17":{"start":{"line":34,"column":6},"end":{"line":39,"column":7}},"18":{"start":{"line":35,"column":8},"end":{"line":35,"column":72}},"19":{"start":{"line":35,"column":63},"end":{"line":35,"column":72}},"20":{"start":{"line":36,"column":21},"end":{"line":36,"column":37}},"21":{"start":{"line":37,"column":8},"end":{"line":37,"column":53}},"22":{"start":{"line":37,"column":44},"end":{"line":37,"column":53}},"23":{"start":{"line":38,"column":8},"end":{"line":38,"column":57}},"24":{"start":{"line":41,"column":6},"end":{"line":41,"column":71}},"25":{"start":{"line":44,"column":4},"end":{"line":46,"column":5}},"26":{"start":{"line":45,"column":6},"end":{"line":45,"column":61}},"27":{"start":{"line":49,"column":18},"end":{"line":49,"column":63}},"28":{"start":{"line":50,"column":20},"end":{"line":50,"column":95}},"29":{"start":{"line":51,"column":4},"end":{"line":51,"column":24}},"30":{"start":{"line":52,"column":4},"end":{"line":52,"column":26}},"31":{"start":{"line":56,"column":4},"end":{"line":58,"column":5}},"32":{"start":{"line":57,"column":6},"end":{"line":57,"column":38}},"33":{"start":{"line":59,"column":4},"end":{"line":61,"column":5}},"34":{"start":{"line":60,"column":6},"end":{"line":60,"column":40}},"35":{"start":{"line":63,"column":19},"end":{"line":63,"column":44}},"36":{"start":{"line":64,"column":4},"end":{"line":64,"column":51}},"37":{"start":{"line":64,"column":17},"end":{"line":64,"column":51}},"38":{"start":{"line":65,"column":4},"end":{"line":65,"column":71}},"39":{"start":{"line":66,"column":4},"end":{"line":66,"column":25}},"40":{"start":{"line":70,"column":4},"end":{"line":70,"column":24}},"41":{"start":{"line":74,"column":27},"end":{"line":74,"column":43}},"42":{"start":{"line":75,"column":26},"end":{"line":75,"column":41}},"43":{"start":{"line":76,"column":24},"end":{"line":76,"column":37}},"44":{"start":{"line":77,"column":27},"end":{"line":77,"column":43}}},"fnMap":{"0":{"name":"(anonymous_0)","decl":{"start":{"line":8,"column":14},"end":{"line":8,"column":15}},"loc":{"start":{"line":8,"column":23},"end":{"line":8,"column":54}},"line":8},"1":{"name":"(anonymous_1)","decl":{"start":{"line":11,"column":2},"end":{"line":11,"column":3}},"loc":{"start":{"line":11,"column":37},"end":{"line":15,"column":3}},"line":11},"2":{"name":"(anonymous_2)","decl":{"start":{"line":17,"column":2},"end":{"line":17,"column":3}},"loc":{"start":{"line":17,"column":25},"end":{"line":19,"column":3}},"line":17},"3":{"name":"(anonymous_3)","decl":{"start":{"line":18,"column":22},"end":{"line":18,"column":23}},"loc":{"start":{"line":18,"column":27},"end":{"line":18,"column":38}},"line":18},"4":{"name":"(anonymous_4)","decl":{"start":{"line":21,"column":2},"end":{"line":21,"column":3}},"loc":{"start":{"line":21,"column":39},"end":{"line":53,"column":3}},"line":21},"5":{"name":"(anonymous_5)","decl":{"start":{"line":55,"column":2},"end":{"line":55,"column":3}},"loc":{"start":{"line":55,"column":32},"end":{"line":67,"column":3}},"line":55},"6":{"name":"(anonymous_6)","decl":{"start":{"line":69,"column":2},"end":{"line":69,"column":3}},"loc":{"start":{"line":69,"column":23},"end":{"line":71,"column":3}},"line":69}},"branchMap":{"0":{"loc":{"start":{"line":24,"column":4},"end":{"line":42,"column":5}},"type":"if","locations":[{"start":{"line":24,"column":4},"end":{"line":42,"column":5}},{"start":{"line":32,"column":11},"end":{"line":42,"column":5}}],"line":24},"1":{"loc":{"start":{"line":29,"column":8},"end":{"line":29,"column":53}},"type":"if","locations":[{"start":{"line":29,"column":8},"end":{"line":29,"column":53}},{"start":{},"end":{}}],"line":29},"2":{"loc":{"start":{"line":32,"column":11},"end":{"line":42,"column":5}},"type":"if","locations":[{"start":{"line":32,"column":11},"end":{"line":42,"column":5}},{"start":{"line":40,"column":11},"end":{"line":42,"column":5}}],"line":32},"3":{"loc":{"start":{"line":32,"column":15},"end":{"line":32,"column":62}},"type":"binary-expr","locations":[{"start":{"line":32,"column":15},"end":{"line":32,"column":42}},{"start":{"line":32,"column":46},"end":{"line":32,"column":62}}],"line":32},"4":{"loc":{"start":{"line":35,"column":8},"end":{"line":35,"column":72}},"type":"if","locations":[{"start":{"line":35,"column":8},"end":{"line":35,"column":72}},{"start":{},"end":{}}],"line":35},"5":{"loc":{"start":{"line":37,"column":8},"end":{"line":37,"column":53}},"type":"if","locations":[{"start":{"line":37,"column":8},"end":{"line":37,"column":53}},{"start":{},"end":{}}],"line":37},"6":{"loc":{"start":{"line":38,"column":33},"end":{"line":38,"column":56}},"type":"binary-expr","locations":[{"start":{"line":38,"column":33},"end":{"line":38,"column":51}},{"start":{"line":38,"column":55},"end":{"line":38,"column":56}}],"line":38},"7":{"loc":{"start":{"line":44,"column":4},"end":{"line":46,"column":5}},"type":"if","locations":[{"start":{"line":44,"column":4},"end":{"line":46,"column":5}},{"start":{},"end":{}}],"line":44},"8":{"loc":{"start":{"line":56,"column":4},"end":{"line":58,"column":5}},"type":"if","locations":[{"start":{"line":56,"column":4},"end":{"line":58,"column":5}},{"start":{},"end":{}}],"line":56},"9":{"loc":{"start":{"line":56,"column":8},"end":{"line":56,"column":41}},"type":"binary-expr","locations":[{"start":{"line":56,"column":8},"end":{"line":56,"column":13}},{"start":{"line":56,"column":17},"end":{"line":56,"column":41}}],"line":56},"10":{"loc":{"start":{"line":59,"column":4},"end":{"line":61,"column":5}},"type":"if","locations":[{"start":{"line":59,"column":4},"end":{"line":61,"column":5}},{"start":{},"end":{}}],"line":59},"11":{"loc":{"start":{"line":64,"column":4},"end":{"line":64,"column":51}},"type":"if","locations":[{"start":{"line":64,"column":4},"end":{"line":64,"column":51}},{"start":{},"end":{}}],"line":64},"12":{"loc":{"start":{"line":65,"column":30},"end":{"line":65,"column":65}},"type":"binary-expr","locations":[{"start":{"line":65,"column":30},"end":{"line":65,"column":60}},{"start":{"line":65,"column":64},"end":{"line":65,"column":65}}],"line":65}},"s":{"0":1,"1":1,"2":0,"3":0,"4":0,"5":0,"6":0,"7":0,"8":0,"9":0,"10":0,"11":0,"12":0,"13":0,"14":0,"15":0,"16":0,"17":0,"18":0,"19":0,"20":0,"21":0,"22":0,"23":0,"24":0,"25":0,"26":0,"27":0,"28":0,"29":0,"30":0,"31":2,"32":0,"33":2,"34":1,"35":1,"36":0,"37":0,"38":0,"39":0,"40":0,"41":1,"42":1,"43":1,"44":1},"f":{"0":0,"1":0,"2":0,"3":0,"4":0,"5":2,"6":0},"b":{"0":[0,0],"1":[0,0],"2":[0,0],"3":[0,0],"4":[0,0],"5":[0,0],"6":[0,0],"7":[0,0],"8":[0,2],"9":[2,2],"10":[1,1],"11":[0,0],"12":[0,0]},"_coverageSchema":"1a1c01bbd47fc00a2c39e90264f33305004495a9","hash":"76ac05f1dbc60f07aed0280ca6b729ee7ef9fc54"}
}
