TN:
SF:src/models/pollModel.js
FN:8,(anonymous_0)
FN:11,(anonymous_1)
FN:17,(anonymous_2)
FN:18,(anonymous_3)
FN:21,(anonymous_4)
FN:55,(anonymous_5)
FN:69,(anonymous_6)
FNF:7
FNH:5
FNDA:3,(anonymous_0)
FNDA:0,(anonymous_1)
FNDA:1,(anonymous_2)
FNDA:2,(anonymous_3)
FNDA:2,(anonymous_4)
FNDA:2,(anonymous_5)
FNDA:0,(anonymous_6)
DA:4,1
DA:8,3
DA:12,0
DA:13,0
DA:14,0
DA:18,2
DA:24,2
DA:25,2
DA:26,2
DA:28,4
DA:29,4
DA:30,4
DA:32,0
DA:33,0
DA:34,0
DA:35,0
DA:36,0
DA:37,0
DA:38,0
DA:41,0
DA:44,2
DA:45,0
DA:49,2
DA:50,2
DA:51,2
DA:52,2
DA:56,2
DA:57,0
DA:59,2
DA:60,1
DA:63,1
DA:64,1
DA:65,1
DA:66,1
DA:70,0
DA:74,1
DA:75,1
DA:76,1
DA:77,1
LF:39
LH:25
BRDA:24,0,0,2
BRDA:24,0,1,0
BRDA:29,1,0,0
BRDA:29,1,1,4
BRDA:32,2,0,0
BRDA:32,2,1,0
BRDA:32,3,0,0
BRDA:32,3,1,0
BRDA:35,4,0,0
BRDA:35,4,1,0
BRDA:37,5,0,0
BRDA:37,5,1,0
BRDA:38,6,0,0
BRDA:38,6,1,0
BRDA:44,7,0,0
BRDA:44,7,1,2
BRDA:56,8,0,0
BRDA:56,8,1,2
BRDA:56,9,0,2
BRDA:56,9,1,2
BRDA:59,10,0,1
BRDA:59,10,1,1
BRDA:64,11,0,0
BRDA:64,11,1,1
BRDA:65,12,0,1
BRDA:65,12,1,1
BRF:26
BRH:11
end_of_record
